2025-05-14_23:34:07 python3 pgc_gs.py --pickle /mnt/synology/brain/training_data/IMAGES/MNIST/mnist-fashion.pkl --mode fit --input_size 784 --embedding_size 784 --num_classes 10 --address_space_size 2 --address_space_dim 5
2025-05-14_23:34:34 python3 pgc_gs.py --pickle /mnt/synology/brain/training_data/IMAGES/MNIST/mnist-fashion.pkl --mode fit --input_size 784 --embedding_size 784 --num_classes 10 --address_space_size 2 --address_space_dim 5 --cpu
2025-05-14_23:36:08 python3 pgc_gs.py --pickle /mnt/synology/brain/training_data/IMAGES/MNIST/mnist-fashion.pkl --mode fit --input_size 784 --embedding_size 784 --num_classes 10 --address_space_size 2 --address_space_dim 5
2025-05-14_23:36:14 python3 pgc_gs.py --pickle /mnt/synology/brain/training_data/IMAGES/MNIST/mnist-fashion.pkl --mode fit --input_size 784 --embedding_size 784 --num_classes 10 --address_space_size 2 --address_space_dim 5 --cpu
2025-05-14_23:36:36 python3 pgc_gs.py --pickle /mnt/synology/brain/training_data/IMAGES/MNIST/mnist-fashion.pkl --mode fit --input_size 784 --embedding_size 784 --num_classes 10 --address_space_size 2 --address_space_dim 5 --cpu
2025-05-14_23:36:56 python3 pgc_gs.py --pickle /mnt/synology/brain/training_data/IMAGES/MNIST/mnist-fashion.pkl --mode fit --input_size 784 --embedding_size 784 --num_classes 10 --address_space_size 2 --address_space_dim 5 --cpu
2025-05-14_23:38:06 python3 pgc_gs.py --pickle /mnt/synology/brain/training_data/IMAGES/MNIST/mnist-fashion.pkl --mode fit --input_size 784 --embedding_size 784 --num_classes 10 --address_space_size 2 --address_space_dim 5 --cpu
2025-05-14_23:39:22 python3 pgc_gs.py --pickle /mnt/synology/brain/training_data/IMAGES/MNIST/mnist-fashion.pkl --mode fit --input_size 784 --embedding_size 784 --num_classes 10 --address_space_size 2 --address_space_dim 5 --cpu
2025-05-14_23:39:49 python3 pgc_gs.py --pickle /mnt/synology/brain/training_data/IMAGES/MNIST/mnist-fashion.pkl --mode fit --input_size 784 --embedding_size 784 --num_classes 10 --address_space_size 2 --address_space_dim 5
2025-05-15_00:07:51 python3 pgc_gs.py --pickle /mnt/synology/brain/training_data/IMAGES/MNIST/mnist-fashion.pkl --mode fit --input_size 784 --embedding_size 784 --num_classes 10 --address_space_size 2 --address_space_dim 7
2025-05-15_06:30:26 python3 pgc_gs.py --mode fit --pickle ./data/GRAPHICS/CATSnDOGS/catsanddogs-64x64.pkl --input_size 4096 --num_classes 2 --embedding_size 4096 --checkpoints /mnt/synology/brain/checkpoints_supermicro_CATSnDOGS_11/ --batch_size 32 --epochs_stop 1024 --num_jumps 12 --address_space_size 2 --address_space_dim 8 --cpu
2025-05-15_19:40:02 python3 pgc_gs.py --pickle /mnt/synology/brain/training_data/IMAGES/MNIST/mnist-fashion.pkl --mode fit --input_size 784 --embedding_size 784 --num_classes 10 --address_space_size 2 --address_space_dim 10
2025-05-15_19:41:45 python3 pgc_gs.py --pickle /mnt/synology/brain/training_data/IMAGES/MNIST/mnist-fashion.pkl --mode fit --input_size 784 --embedding_size 784 --num_classes 10 --address_space_size 2 --address_space_dim 10 --cpu
2025-05-15_20:09:03 python3 pgc_gs.py --pickle /mnt/synology/brain/training_data/IMAGES/MNIST/mnist-fashion.pkl --mode fit --input_size 784 --embedding_size 784 --num_classes 10 --address_space_size 2 --address_space_dim 9 --cpu
2025-05-15_20:13:03 python3 pgc_gs.py --pickle /mnt/synology/brain/training_data/IMAGES/MNIST/mnist-fashion.pkl --mode fit --input_size 784 --embedding_size 784 --num_classes 10 --address_space_size 2 --address_space_dim 8 --cpu
2025-05-15_22:08:14 python3 pgc_gs.py --pickle /mnt/synology/brain/training_data/IMAGES/MNIST/mnist-fashion.pkl --mode fit --input_size 784 --embedding_size 676 --num_classes 10 --address_space_size 2 --address_space_dim 8 --cpu
2025-05-16_00:47:25 python3 pgc_gs.py --pickle /mnt/synology/brain/training_data/IMAGES/MNIST/mnist-fashion.pkl --mode fit --input_size 784 --embedding_size 676 --num_classes 10 --address_space_size 2 --address_space_dim 8
2025-05-16_02:53:15 python3 pgc_gs.py --mode fit --pickle ./data/GRAPHICS/CATSnDOGS/catsanddogs-64x64.pkl --input_size 4096 --num_classes 2 --embedding_size 1024 --checkpoints /mnt/synology/brain/checkpoints_supermicro_CATSnDOGS_11/ --batch_size 8 --epochs_stop 1024 --num_jumps 12 --address_space_size 2 --address_space_dim 12 --cpu
2025-05-16_02:53:25 python3 pgc_gs.py --mode fit --pickle ./data/GRAPHICS/CATSnDOGS/catsanddogs-64x64.pkl --input_size 4096 --num_classes 2 --embedding_size 1024 --checkpoints /mnt/synology/brain/checkpoints_supermicro_CATSnDOGS_12/ --batch_size 8 --epochs_stop 1024 --num_jumps 12 --address_space_size 2 --address_space_dim 12 --cpu
2025-05-16_02:56:52 python3 pgc_gs.py --mode fit --pickle ./data/GRAPHICS/CATSnDOGS/catsanddogs-64x64.pkl --input_size 4096 --num_classes 2 --embedding_size 1024 --checkpoints /mnt/synology/brain/checkpoints_supermicro_CATSnDOGS_12/ --batch_size 8 --epochs_stop 1024 --num_jumps 12 --address_space_size 2 --address_space_dim 11 --cpu
2025-05-16_05:05:48 python3 pgc_gs.py --pickle /mnt/synology/brain/training_data/IMAGES/MNIST/mnist-fashion.pkl --mode fit --input_size 784 --embedding_size 784 --num_classes 10 --address_space_size 2 --address_space_dim 12
2025-05-16_05:07:07 python3 pgc_gs.py --pickle /mnt/synology/brain/training_data/IMAGES/MNIST/mnist-fashion.pkl --mode fit --input_size 784 --embedding_size 784 --num_classes 10 --address_space_size 2 --address_space_dim 12 --cpu
2025-05-16_05:09:34 python3 pgc_gs.py --pickle /mnt/synology/brain/training_data/IMAGES/MNIST/mnist-fashion.pkl --mode fit --input_size 784 --embedding_size 784 --num_classes 10 --address_space_size 2 --address_space_dim 11 --cpu
2025-05-16_05:11:26 python3 pgc_gs.py --pickle /mnt/synology/brain/training_data/IMAGES/MNIST/mnist-fashion.pkl --mode fit --input_size 784 --embedding_size 784 --num_classes 10 --address_space_size 2 --address_space_dim 10 --cpu
2025-05-16_05:15:25 python3 pgc_gs.py --pickle /mnt/synology/brain/training_data/IMAGES/MNIST/mnist-fashion.pkl --mode fit --input_size 784 --embedding_size 784 --num_classes 10 --address_space_size 2 --address_space_dim 9 --cpu
2025-05-20_21:58:22 python pgc_gs.py --pickle /mnt/synology/brain/training_data/NLP/go-rin-no-sho/go-rin-no-sho.pkl --mode fit --cpu
2025-05-20_21:58:56 python pgc_gs.py --pickle /mnt/synology/brain/training_data/NLP/go-rin-no-sho/go-rin-no-sho.pkl --mode fit --cpu -h
2025-05-20_22:00:25 python 7676_pgc.py --pickle /mnt/synology/brain/training_data/NLP/go-rin-no-sho/go-rin-no-sho.pkl --mode fit --cpu -num_classes 65536
2025-05-20_22:01:17 python 7676_pgc.py --pickle /mnt/synology/brain/training_data/NLP/go-rin-no-sho/go-rin-no-sho.pkl --mode fit --cpu --num_classes 65536
2025-05-20_22:05:16 python 7676_pgc.py --pickle /mnt/synology/brain/training_data/NLP/go-rin-no-sho/go-rin-no-sho.pkl --mode fit --cpu --num_classes 65536
2025-05-20_22:26:39 python 7676_pgc.py --pickle /mnt/synology/brain/training_data/NLP/go-rin-no-sho/go-rin-no-sho.pkl --mode fit --cpu --num_classes 65536
